[2026-03-01T16:34:38.661666Z] === Autocommit Starting ===
[2026-03-01T16:36:01.377956Z] === Autocommit Starting ===
  File "/home/sntrblck/.openclaw/workspace/autocommit.py", line 93
    if not GITIGNORE.exists():
IndentationError: unexpected indent
[2026-03-01T16:37:47.284739Z] === Autocommit Starting ===
[2026-03-01T16:37:47.284739Z] === Autocommit Starting ===
[2026-03-01T16:37:47.390377Z] Committed: _pycache__/autocommit.cpython-311.pyc, autocommit.log, autocommit.py, sentinel.log, sentinel_state.json (+1 more)
[2026-03-01T16:37:47.390377Z] Committed: _pycache__/autocommit.cpython-311.pyc, autocommit.log, autocommit.py, sentinel.log, sentinel_state.json (+1 more)
[2026-03-01T16:47:47.553840Z] Committed: _pycache__/autocommit.cpython-311.pyc, __pycache__/sentinel.cpython-311.pyc, __pycache__/watchdog.cpython-311.pyc, autocommit.log, sentinel.log (+5 more)
[2026-03-01T16:47:47.553840Z] Committed: _pycache__/autocommit.cpython-311.pyc, __pycache__/sentinel.cpython-311.pyc, __pycache__/watchdog.cpython-311.pyc, autocommit.log, sentinel.log (+5 more)
[2026-03-01T16:57:47.608732Z] Committed: _pycache__/autocommit.cpython-311.pyc, __pycache__/sentinel.cpython-311.pyc, autocommit.log, sentinel.log, sentinel.py (+1 more)
[2026-03-01T16:57:47.608732Z] Committed: _pycache__/autocommit.cpython-311.pyc, __pycache__/sentinel.cpython-311.pyc, autocommit.log, sentinel.log, sentinel.py (+1 more)
[2026-03-01T19:51:45.980322Z] === Autocommit Starting ===
[2026-03-01T19:51:45.980322Z] === Autocommit Starting ===
[2026-03-01T19:51:46.007352Z] Initialized git repo
[2026-03-01T19:51:46.007352Z] Initialized git repo
[2026-03-01T20:59:37.233567Z] === Autocommit Starting ===
[2026-03-01T20:59:37.388654Z] Committed: model-health-state.json, autocommit.log, logs/model-health.log, sentinel.1.log, sentinel.log (+6 more)
[2026-03-01T21:00:13.910338Z] === Autocommit Starting ===
[2026-03-01T21:00:13.910338Z] === Autocommit Starting ===
[2026-03-01T21:00:13.933494Z] Initialized git repo
[2026-03-01T21:00:13.933494Z] Initialized git repo
[2026-03-01T21:01:26.689772Z] === Autocommit Starting ===
[2026-03-01T21:01:26.765782Z] Committed: model-health-state.json, autocommit.log
[2026-03-01T21:03:22.784042Z] === Autocommit Starting ===
[2026-03-01T21:03:22.784042Z] === Autocommit Starting ===
[2026-03-01T21:03:22.892170Z] Committed: model-health-state.json, autocommit.log, autocommit.service
[2026-03-01T21:03:22.892170Z] Committed: model-health-state.json, autocommit.log, autocommit.service
[2026-03-01T21:13:22.963518Z] Committed: model-health-state.json, autocommit.log, sentinel_state.json
[2026-03-01T21:13:22.963518Z] Committed: model-health-state.json, autocommit.log, sentinel_state.json
[2026-03-01T21:23:23.080252Z] Committed: model-health-state.json, autocommit.log, sentinel.log, sentinel.py, sentinel_state.json
[2026-03-01T21:23:23.080252Z] Committed: model-health-state.json, autocommit.log, sentinel.log, sentinel.py, sentinel_state.json
[2026-03-01T21:33:23.153173Z] Committed: model-health-state.json, autocommit.log, sentinel_state.json
[2026-03-01T21:33:23.153173Z] Committed: model-health-state.json, autocommit.log, sentinel_state.json
[2026-03-01T21:43:23.233619Z] Committed: model-health-state.json, autocommit.log, logs/model-health.log, sentinel_state.json
[2026-03-01T21:43:23.233619Z] Committed: model-health-state.json, autocommit.log, logs/model-health.log, sentinel_state.json
[2026-03-01T21:53:23.297434Z] Committed: model-health-state.json, autocommit.log, sentinel_state.json
[2026-03-01T21:53:23.297434Z] Committed: model-health-state.json, autocommit.log, sentinel_state.json
[2026-03-01T22:03:23.415500Z] Committed: model-health-state.json, autocommit.log, sentinel.log, sentinel.service, sentinel_state.json
[2026-03-01T22:03:23.415500Z] Committed: model-health-state.json, autocommit.log, sentinel.log, sentinel.service, sentinel_state.json
[2026-03-01T22:13:23.510481Z] Committed: model-health-state.json, autocommit.log, sentinel.log, sentinel_state.json, .pending_alerts.json
[2026-03-01T22:13:23.510481Z] Committed: model-health-state.json, autocommit.log, sentinel.log, sentinel_state.json, .pending_alerts.json
[2026-03-01T22:23:23.588011Z] Committed: model-health-state.json, autocommit.log, sentinel_state.json
[2026-03-01T22:23:23.588011Z] Committed: model-health-state.json, autocommit.log, sentinel_state.json
[2026-03-01T22:33:23.658810Z] Committed: model-health-state.json, autocommit.log, sentinel_state.json
[2026-03-01T22:33:23.658810Z] Committed: model-health-state.json, autocommit.log, sentinel_state.json
[2026-03-01T22:43:23.741978Z] Committed: model-health-state.json, autocommit.log, logs/model-health.log, sentinel_state.json
[2026-03-01T22:43:23.741978Z] Committed: model-health-state.json, autocommit.log, logs/model-health.log, sentinel_state.json
[2026-03-01T22:53:23.831928Z] Committed: model-health-state.json, autocommit.log, sentinel_state.json
[2026-03-01T22:53:23.831928Z] Committed: model-health-state.json, autocommit.log, sentinel_state.json
[2026-03-01T23:03:23.935962Z] Committed: model-health-state.json, autocommit.log, sentinel.log, sentinel_state.json
[2026-03-01T23:03:23.935962Z] Committed: model-health-state.json, autocommit.log, sentinel.log, sentinel_state.json
[2026-03-01T23:13:24.061484Z] Committed: model-health-state.json, autocommit.log, sentinel.log, sentinel.py, sentinel_state.json (+1 more)
[2026-03-01T23:13:24.061484Z] Committed: model-health-state.json, autocommit.log, sentinel.log, sentinel.py, sentinel_state.json (+1 more)
[2026-03-01T23:23:24.127517Z] Committed: model-health-state.json, autocommit.log, curiosity.py, sentinel_state.json
[2026-03-01T23:23:24.127517Z] Committed: model-health-state.json, autocommit.log, curiosity.py, sentinel_state.json
[2026-03-01T23:33:24.210361Z] Committed: model-health-state.json, autocommit.log, sentinel_state.json
[2026-03-01T23:33:24.210361Z] Committed: model-health-state.json, autocommit.log, sentinel_state.json
[2026-03-01T23:43:24.274054Z] Committed: model-health-state.json, autocommit.log, logs/model-health.log, sentinel_state.json
[2026-03-01T23:43:24.274054Z] Committed: model-health-state.json, autocommit.log, logs/model-health.log, sentinel_state.json
[2026-03-01T23:53:24.352602Z] Committed: model-health-state.json, autocommit.log, sentinel_state.json
[2026-03-01T23:53:24.352602Z] Committed: model-health-state.json, autocommit.log, sentinel_state.json
[2026-03-02T00:03:24.436153Z] Committed: model-health-state.json, autocommit.log, sentinel.log, sentinel_state.json
[2026-03-02T00:03:24.436153Z] Committed: model-health-state.json, autocommit.log, sentinel.log, sentinel_state.json
[2026-03-02T00:13:24.554022Z] Committed: model-health-state.json, .pending_alerts.json, autocommit.log, sentinel.log, sentinel_state.json
[2026-03-02T00:13:24.554022Z] Committed: model-health-state.json, .pending_alerts.json, autocommit.log, sentinel.log, sentinel_state.json
[2026-03-02T00:23:24.636807Z] Committed: model-health-state.json, autocommit.log, sentinel_state.json, .moltx_config.json
[2026-03-02T00:23:24.636807Z] Committed: model-health-state.json, autocommit.log, sentinel_state.json, .moltx_config.json
[2026-03-02T00:33:24.721382Z] Committed: model-health-state.json, autocommit.log, sentinel_state.json, moltx_poster.py
[2026-03-02T00:33:24.721382Z] Committed: model-health-state.json, autocommit.log, sentinel_state.json, moltx_poster.py
[2026-03-02T00:43:24.812740Z] Committed: model-health-state.json, autocommit.log, logs/model-health.log, moltx_poster.py, sentinel_state.json
[2026-03-02T00:43:24.812740Z] Committed: model-health-state.json, autocommit.log, logs/model-health.log, moltx_poster.py, sentinel_state.json
[2026-03-02T00:53:24.869524Z] Committed: model-health-state.json, autocommit.log, sentinel_state.json
[2026-03-02T00:53:24.869524Z] Committed: model-health-state.json, autocommit.log, sentinel_state.json
[2026-03-02T01:03:24.936191Z] Committed: entinel.log, sentinel_state.json
[2026-03-02T01:13:24.986742Z] Committed: utocommit.log, sentinel.log, sentinel_state.json
[2026-03-02T01:23:25.027927Z] Committed: utocommit.log, sentinel_state.json
[2026-03-02T01:33:25.069318Z] Committed: utocommit.log, sentinel_state.json
[2026-03-02T01:43:25.129226Z] Committed: model-health-state.json, autocommit.log, logs/model-health.log, sentinel_state.json
[2026-03-02T01:53:25.178307Z] Committed: model-health-state.json, autocommit.log, sentinel_state.json
[2026-03-02T02:03:25.271978Z] Committed: model-health-state.json, autocommit.log, sentinel.log, sentinel_state.json
[2026-03-02T02:13:25.381461Z] Committed: model-health-state.json, autocommit.log, sentinel.log, sentinel_state.json
[2026-03-02T02:23:25.474718Z] Committed: model-health-state.json, autocommit.log, sentinel_state.json
[2026-03-02T02:33:25.519413Z] Committed: model-health-state.json, autocommit.log, sentinel_state.json
[2026-03-02T02:43:25.629702Z] Committed: model-health-state.json, autocommit.log, logs/model-health.log, sentinel_state.json
[2026-03-02T02:53:25.678482Z] Committed: model-health-state.json, autocommit.log, sentinel_state.json
[2026-03-02T03:03:25.751862Z] Committed: model-health-state.json, autocommit.log, sentinel.log, sentinel_state.json
[2026-03-02T03:13:25.836054Z] Committed: model-health-state.json, autocommit.log, sentinel.log, sentinel_state.json
[2026-03-02T03:23:25.928139Z] Committed: model-health-state.json, autocommit.log, sentinel_state.json
[2026-03-02T03:33:26.012069Z] Committed: model-health-state.json, autocommit.log, sentinel_state.json
[2026-03-02T03:43:26.078232Z] Committed: model-health-state.json, autocommit.log, logs/model-health.log, sentinel_state.json
[2026-03-02T03:53:26.161656Z] Committed: model-health-state.json, autocommit.log, sentinel_state.json
[2026-03-02T04:03:26.248972Z] Committed: model-health-state.json, autocommit.log, sentinel.log, sentinel_state.json
[2026-03-02T04:13:26.351335Z] Committed: model-health-state.json, autocommit.log, sentinel.log, sentinel_state.json
[2026-03-02T04:23:26.424317Z] Committed: model-health-state.json, autocommit.log, sentinel_state.json
[2026-03-02T04:33:26.513429Z] Committed: model-health-state.json, autocommit.log, sentinel_state.json
[2026-03-02T04:43:26.574071Z] Committed: model-health-state.json, autocommit.log, logs/model-health.log, sentinel_state.json
[2026-03-02T04:53:26.658180Z] Committed: model-health-state.json, autocommit.log, sentinel_state.json
