[2026-03-01T16:32:18.701679Z] Log rotated (max 1MB)
[2026-03-01T16:32:18.700031Z] Should trigger rotation now
[2026-03-01T16:32:31.919175Z] === Sentinel v2 Starting ===
[2026-03-01T16:32:31.919175Z] === Sentinel v2 Starting ===
[2026-03-01T16:32:31.928416Z] Cost: $0.0061 / $1.00
[2026-03-01T16:32:31.928416Z] Cost: $0.0061 / $1.00
[2026-03-01T16:37:31.973138Z] Cost: $0.0079 / $1.00
[2026-03-01T16:37:31.973138Z] Cost: $0.0079 / $1.00
[2026-03-01T16:40:24.622604Z] === Sentinel v2 Starting ===
[2026-03-01T16:40:24.622604Z] === Sentinel v2 Starting ===
[2026-03-01T16:40:24.632092Z] Cost: $0.0090 / $1.00
[2026-03-01T16:40:24.632092Z] Cost: $0.0090 / $1.00
[2026-03-01T16:45:24.665550Z] Cost: $0.0107 / $1.00
[2026-03-01T16:45:24.665550Z] Cost: $0.0107 / $1.00
[2026-03-01T16:50:24.718397Z] Cost: $0.0123 / $1.00
[2026-03-01T16:50:24.718397Z] Cost: $0.0123 / $1.00
[2026-03-01T16:54:29.955479Z] === Sentinel v2 Starting ===
[2026-03-01T16:54:29.955479Z] === Sentinel v2 Starting ===
[2026-03-01T16:54:29.990019Z] Cost: $0.0140 / $1.00
[2026-03-01T16:54:29.990019Z] Cost: $0.0140 / $1.00
[2026-03-01T16:59:30.040701Z] Cost: $0.0164 / $1.00
[2026-03-01T16:59:30.040701Z] Cost: $0.0164 / $1.00
[2026-03-01T17:03:24.078457Z] === Sentinel v2 Starting ===
[2026-03-01T17:03:24.078457Z] === Sentinel v2 Starting ===
[2026-03-01T17:03:24.204389Z] Cost: $0.0182 / $1.00
[2026-03-01T17:03:24.204389Z] Cost: $0.0182 / $1.00
[2026-03-01T17:06:32.172735Z] Received signal 15, shutting down...
[2026-03-01T17:06:32.172735Z] Received signal 15, shutting down...
[2026-03-01T17:06:53.211353Z] === Sentinel v2 Starting ===
[2026-03-01T17:06:53.211353Z] === Sentinel v2 Starting ===
[2026-03-01T17:06:53.242506Z] Cost: $0.0182 / $1.00 | Sessions: 0
[2026-03-01T17:06:53.242506Z] Cost: $0.0182 / $1.00 | Sessions: 0
[2026-03-01T17:11:53.254316Z] Cost: $0.0182 / $1.00 | Sessions: 0
[2026-03-01T17:11:53.254316Z] Cost: $0.0182 / $1.00 | Sessions: 0
[2026-03-01T17:12:27.478990Z] Received signal 15, shutting down...
[2026-03-01T17:12:27.478990Z] Received signal 15, shutting down...
[2026-03-01T17:12:31.624133Z] === Sentinel v2 Starting ===
[2026-03-01T17:12:31.624133Z] === Sentinel v2 Starting ===
[2026-03-01T17:12:31.637927Z] Cost: $0.0182 / $1.00 | Sessions: 0
[2026-03-01T17:12:31.637927Z] Cost: $0.0182 / $1.00 | Sessions: 0
[2026-03-01T17:13:55.864305Z] Received signal 15, shutting down...
[2026-03-01T17:13:55.864305Z] Received signal 15, shutting down...
[2026-03-01T17:14:11.513416Z] === Sentinel v2 Starting ===
[2026-03-01T17:14:11.513416Z] === Sentinel v2 Starting ===
